<?xml version="1.0" encoding="UTF-8"?>
<!-- Generated by org.testng.reporters.JUnitXMLReporter -->
<testsuite ignored="0" hostname="GGNUWT539642L" failures="0" tests="3" name="Default test" time="3.471" errors="0" timestamp="06 May 2022 04:37:51 GMT">
  <testcase classname="com.testCases.DataProvider09" name="test" time="2.28"/>
  <testcase classname="com.testCases.DataProvider09" name="test" time="0.619"/>
  <testcase classname="com.testCases.DataProvider09" name="test" time="0.547"/>
</testsuite> <!-- Default test -->
