<?xml version="1.0" encoding="UTF-8"?>
<testng-results ignored="0" total="1" passed="1" failed="0" skipped="0">
  <reporter-output>
  </reporter-output>
  <suite started-at="2022-05-11T11:02:48 IST" name="Default suite" finished-at="2022-05-11T11:03:06 IST" duration-ms="18465">
    <groups>
    </groups>
    <test started-at="2022-05-11T11:02:48 IST" name="Default test" finished-at="2022-05-11T11:03:06 IST" duration-ms="18465">
      <class name="com.test.selenium.TestAssignment15">
        <test-method is-config="true" signature="beforeClass()[pri:0, instance:com.test.selenium.TestAssignment15@3c7f66c4]" started-at="2022-05-11T11:02:48 IST" name="beforeClass" finished-at="2022-05-11T11:02:52 IST" duration-ms="4606" status="PASS">
          <reporter-output>
          </reporter-output>
        </test-method> <!-- beforeClass -->
        <test-method signature="FileHandling()[pri:0, instance:com.test.selenium.TestAssignment15@3c7f66c4]" started-at="2022-05-11T11:02:52 IST" name="FileHandling" finished-at="2022-05-11T11:03:06 IST" duration-ms="13396" status="PASS">
          <reporter-output>
          </reporter-output>
        </test-method> <!-- FileHandling -->
        <test-method is-config="true" signature="afterMethod()[pri:0, instance:com.test.selenium.TestAssignment15@3c7f66c4]" started-at="2022-05-11T11:03:06 IST" name="afterMethod" finished-at="2022-05-11T11:03:06 IST" duration-ms="385" status="PASS">
          <reporter-output>
          </reporter-output>
        </test-method> <!-- afterMethod -->
      </class> <!-- com.test.selenium.TestAssignment15 -->
    </test> <!-- Default test -->
  </suite> <!-- Default suite -->
</testng-results>
